<?xml version="1.0" encoding="UTF-8"?>
<!-- Generated by org.testng.reporters.JUnitXMLReporter -->
<testsuite ignored="5" hostname="IN3TADW08BD3GL3" failures="0" tests="1" name="Default test" time="2.466" errors="0" timestamp="2023-09-26T21:07:55 IST">
  <testcase classname="APITests" name="testPostRequestWithSchema" time="1.98"/>
  <testcase classname="APITests" name="testGetRequest" time="0.0">
    <ignored/>
  </testcase> <!-- testGetRequest -->
  <testcase classname="APITests" name="LoginPost" time="0.0">
    <ignored/>
  </testcase> <!-- LoginPost -->
  <testcase classname="APITests" name="PostRequest" time="0.0">
    <ignored/>
  </testcase> <!-- PostRequest -->
  <testcase classname="APITests" name="patch" time="0.0">
    <ignored/>
  </testcase> <!-- patch -->
  <testcase classname="APITests" name="PutRequest" time="0.0">
    <ignored/>
  </testcase> <!-- PutRequest -->
</testsuite> <!-- Default test -->
