<?xml version="1.0" encoding="UTF-8"?>
<testng-results ignored="4" total="5" passed="1" failed="0" skipped="0">
  <reporter-output>
  </reporter-output>
  <suite started-at="2023-09-26T18:20:45 IST" name="Default suite" finished-at="2023-09-26T18:20:48 IST" duration-ms="3266">
    <groups>
    </groups>
    <test started-at="2023-09-26T18:20:45 IST" name="Default test" finished-at="2023-09-26T18:20:48 IST" duration-ms="3266">
      <class name="APITests">
        <test-method is-config="true" signature="setup()[pri:0, instance:APITests@75390459]" started-at="2023-09-26T18:20:45 IST" name="setup" finished-at="2023-09-26T18:20:46 IST" duration-ms="668" status="PASS">
          <reporter-output>
          </reporter-output>
        </test-method> <!-- setup -->
        <test-method signature="LoginPost()[pri:0, instance:APITests@75390459]" started-at="2023-09-26T18:20:46 IST" name="LoginPost" finished-at="2023-09-26T18:20:48 IST" duration-ms="2548" status="PASS">
          <reporter-output>
          </reporter-output>
        </test-method> <!-- LoginPost -->
      </class> <!-- APITests -->
    </test> <!-- Default test -->
  </suite> <!-- Default suite -->
</testng-results>
